[2024-09-20T10:26:10.954054+02:00] request.INFO: Matched route "app_font_menu". {"route":"app_font_menu","route_parameters":{"_route":"app_font_menu","_controller":"App\\Controller\\FontMenuController::index"},"request_uri":"https://dimitri-restaurant.simploncertif.fr/menu","method":"GET"} []
[2024-09-20T10:26:10.955713+02:00] security.DEBUG: Checking for authenticator support. {"firewall_name":"main","authenticators":2} []
[2024-09-20T10:26:10.955728+02:00] security.DEBUG: Checking support on authenticator. {"firewall_name":"main","authenticator":"App\\Security\\Authenticator"} []
[2024-09-20T10:26:10.955735+02:00] security.DEBUG: Authenticator does not support the request. {"firewall_name":"main","authenticator":"App\\Security\\Authenticator"} []
[2024-09-20T10:26:10.955740+02:00] security.DEBUG: Checking support on authenticator. {"firewall_name":"main","authenticator":"Symfony\\Component\\Security\\Http\\Authenticator\\RememberMeAuthenticator"} []
[2024-09-20T10:26:10.955761+02:00] security.DEBUG: Authenticator does not support the request. {"firewall_name":"main","authenticator":"Symfony\\Component\\Security\\Http\\Authenticator\\RememberMeAuthenticator"} []
[2024-09-20T10:26:10.964855+02:00] request.CRITICAL: Uncaught PHP Exception Doctrine\Persistence\Mapping\MappingException: "Class 'App\Entity\Produit' does not exist" at MappingException.php line 80 {"exception":"[object] (Doctrine\\Persistence\\Mapping\\MappingException(code: 0): Class 'App\\Entity\\Produit' does not exist at /home/yuja2878/dimitri-restaurant.simploncertif.fr/vendor/doctrine/persistence/src/Persistence/Mapping/MappingException.php:80)"} []
[2024-09-20T10:26:38.052417+02:00] request.INFO: Matched route "app_font_menu". {"route":"app_font_menu","route_parameters":{"_route":"app_font_menu","_controller":"App\\Controller\\FontMenuController::index"},"request_uri":"https://dimitri-restaurant.simploncertif.fr/menu","method":"GET"} []
[2024-09-20T10:26:38.054052+02:00] security.DEBUG: Checking for authenticator support. {"firewall_name":"main","authenticators":2} []
[2024-09-20T10:26:38.054061+02:00] security.DEBUG: Checking support on authenticator. {"firewall_name":"main","authenticator":"App\\Security\\Authenticator"} []
[2024-09-20T10:26:38.054067+02:00] security.DEBUG: Authenticator does not support the request. {"firewall_name":"main","authenticator":"App\\Security\\Authenticator"} []
[2024-09-20T10:26:38.054074+02:00] security.DEBUG: Checking support on authenticator. {"firewall_name":"main","authenticator":"Symfony\\Component\\Security\\Http\\Authenticator\\RememberMeAuthenticator"} []
[2024-09-20T10:26:38.054093+02:00] security.DEBUG: Authenticator does not support the request. {"firewall_name":"main","authenticator":"Symfony\\Component\\Security\\Http\\Authenticator\\RememberMeAuthenticator"} []
[2024-09-20T10:26:38.060227+02:00] request.CRITICAL: Uncaught PHP Exception Doctrine\Persistence\Mapping\MappingException: "Class 'App\Entity\Produit' does not exist" at MappingException.php line 80 {"exception":"[object] (Doctrine\\Persistence\\Mapping\\MappingException(code: 0): Class 'App\\Entity\\Produit' does not exist at /home/yuja2878/dimitri-restaurant.simploncertif.fr/vendor/doctrine/persistence/src/Persistence/Mapping/MappingException.php:80)"} []
[2024-09-20T10:30:17.240912+02:00] request.INFO: Matched route "app_font_menu". {"route":"app_font_menu","route_parameters":{"_route":"app_font_menu","_controller":"App\\Controller\\FontMenuController::index"},"request_uri":"https://dimitri-restaurant.simploncertif.fr/menu","method":"GET"} []
[2024-09-20T10:30:17.242301+02:00] security.DEBUG: Checking for authenticator support. {"firewall_name":"main","authenticators":2} []
[2024-09-20T10:30:17.242311+02:00] security.DEBUG: Checking support on authenticator. {"firewall_name":"main","authenticator":"App\\Security\\Authenticator"} []
[2024-09-20T10:30:17.242316+02:00] security.DEBUG: Authenticator does not support the request. {"firewall_name":"main","authenticator":"App\\Security\\Authenticator"} []
[2024-09-20T10:30:17.242320+02:00] security.DEBUG: Checking support on authenticator. {"firewall_name":"main","authenticator":"Symfony\\Component\\Security\\Http\\Authenticator\\RememberMeAuthenticator"} []
[2024-09-20T10:30:17.242337+02:00] security.DEBUG: Authenticator does not support the request. {"firewall_name":"main","authenticator":"Symfony\\Component\\Security\\Http\\Authenticator\\RememberMeAuthenticator"} []
[2024-09-20T10:30:17.247904+02:00] request.CRITICAL: Uncaught PHP Exception Doctrine\Persistence\Mapping\MappingException: "Class 'App\Entity\Produit' does not exist" at MappingException.php line 80 {"exception":"[object] (Doctrine\\Persistence\\Mapping\\MappingException(code: 0): Class 'App\\Entity\\Produit' does not exist at /home/yuja2878/dimitri-restaurant.simploncertif.fr/vendor/doctrine/persistence/src/Persistence/Mapping/MappingException.php:80)"} []
[2024-09-20T10:30:24.351958+02:00] request.INFO: Matched route "app_font_menu". {"route":"app_font_menu","route_parameters":{"_route":"app_font_menu","_controller":"App\\Controller\\FontMenuController::index"},"request_uri":"https://dimitri-restaurant.simploncertif.fr/menu","method":"GET"} []
[2024-09-20T10:30:24.353360+02:00] security.DEBUG: Checking for authenticator support. {"firewall_name":"main","authenticators":2} []
[2024-09-20T10:30:24.353372+02:00] security.DEBUG: Checking support on authenticator. {"firewall_name":"main","authenticator":"App\\Security\\Authenticator"} []
[2024-09-20T10:30:24.353377+02:00] security.DEBUG: Authenticator does not support the request. {"firewall_name":"main","authenticator":"App\\Security\\Authenticator"} []
[2024-09-20T10:30:24.353379+02:00] security.DEBUG: Checking support on authenticator. {"firewall_name":"main","authenticator":"Symfony\\Component\\Security\\Http\\Authenticator\\RememberMeAuthenticator"} []
[2024-09-20T10:30:24.353395+02:00] security.DEBUG: Authenticator does not support the request. {"firewall_name":"main","authenticator":"Symfony\\Component\\Security\\Http\\Authenticator\\RememberMeAuthenticator"} []
[2024-09-20T10:30:24.359092+02:00] request.CRITICAL: Uncaught PHP Exception Doctrine\Persistence\Mapping\MappingException: "Class 'App\Entity\Produit' does not exist" at MappingException.php line 80 {"exception":"[object] (Doctrine\\Persistence\\Mapping\\MappingException(code: 0): Class 'App\\Entity\\Produit' does not exist at /home/yuja2878/dimitri-restaurant.simploncertif.fr/vendor/doctrine/persistence/src/Persistence/Mapping/MappingException.php:80)"} []
[2024-09-20T10:30:44.292604+02:00] request.INFO: Matched route "app_font_menu". {"route":"app_font_menu","route_parameters":{"_route":"app_font_menu","_controller":"App\\Controller\\FontMenuController::index"},"request_uri":"https://dimitri-restaurant.simploncertif.fr/menu","method":"GET"} []
[2024-09-20T10:30:44.293998+02:00] security.DEBUG: Checking for authenticator support. {"firewall_name":"main","authenticators":2} []
[2024-09-20T10:30:44.294009+02:00] security.DEBUG: Checking support on authenticator. {"firewall_name":"main","authenticator":"App\\Security\\Authenticator"} []
[2024-09-20T10:30:44.294014+02:00] security.DEBUG: Authenticator does not support the request. {"firewall_name":"main","authenticator":"App\\Security\\Authenticator"} []
[2024-09-20T10:30:44.294016+02:00] security.DEBUG: Checking support on authenticator. {"firewall_name":"main","authenticator":"Symfony\\Component\\Security\\Http\\Authenticator\\RememberMeAuthenticator"} []
[2024-09-20T10:30:44.294032+02:00] security.DEBUG: Authenticator does not support the request. {"firewall_name":"main","authenticator":"Symfony\\Component\\Security\\Http\\Authenticator\\RememberMeAuthenticator"} []
[2024-09-20T10:30:44.299656+02:00] request.CRITICAL: Uncaught PHP Exception Doctrine\Persistence\Mapping\MappingException: "Class 'App\Entity\Produit' does not exist" at MappingException.php line 80 {"exception":"[object] (Doctrine\\Persistence\\Mapping\\MappingException(code: 0): Class 'App\\Entity\\Produit' does not exist at /home/yuja2878/dimitri-restaurant.simploncertif.fr/vendor/doctrine/persistence/src/Persistence/Mapping/MappingException.php:80)"} []
[2024-09-20T10:30:50.746546+02:00] request.INFO: Matched route "app_font_menu". {"route":"app_font_menu","route_parameters":{"_route":"app_font_menu","_controller":"App\\Controller\\FontMenuController::index"},"request_uri":"https://dimitri-restaurant.simploncertif.fr/menu","method":"GET"} []
[2024-09-20T10:30:50.747965+02:00] security.DEBUG: Checking for authenticator support. {"firewall_name":"main","authenticators":2} []
[2024-09-20T10:30:50.747977+02:00] security.DEBUG: Checking support on authenticator. {"firewall_name":"main","authenticator":"App\\Security\\Authenticator"} []
[2024-09-20T10:30:50.747982+02:00] security.DEBUG: Authenticator does not support the request. {"firewall_name":"main","authenticator":"App\\Security\\Authenticator"} []
[2024-09-20T10:30:50.747985+02:00] security.DEBUG: Checking support on authenticator. {"firewall_name":"main","authenticator":"Symfony\\Component\\Security\\Http\\Authenticator\\RememberMeAuthenticator"} []
[2024-09-20T10:30:50.748001+02:00] security.DEBUG: Authenticator does not support the request. {"firewall_name":"main","authenticator":"Symfony\\Component\\Security\\Http\\Authenticator\\RememberMeAuthenticator"} []
[2024-09-20T10:30:50.753686+02:00] request.CRITICAL: Uncaught PHP Exception Doctrine\Persistence\Mapping\MappingException: "Class 'App\Entity\Produit' does not exist" at MappingException.php line 80 {"exception":"[object] (Doctrine\\Persistence\\Mapping\\MappingException(code: 0): Class 'App\\Entity\\Produit' does not exist at /home/yuja2878/dimitri-restaurant.simploncertif.fr/vendor/doctrine/persistence/src/Persistence/Mapping/MappingException.php:80)"} []
[2024-09-20T10:42:59.371077+02:00] request.INFO: Matched route "app_font_menu". {"route":"app_font_menu","route_parameters":{"_route":"app_font_menu","_controller":"App\\Controller\\FontMenuController::index"},"request_uri":"https://dimitri-restaurant.simploncertif.fr/menu","method":"GET"} []
[2024-09-20T10:42:59.372475+02:00] security.DEBUG: Checking for authenticator support. {"firewall_name":"main","authenticators":2} []
[2024-09-20T10:42:59.372484+02:00] security.DEBUG: Checking support on authenticator. {"firewall_name":"main","authenticator":"App\\Security\\Authenticator"} []
[2024-09-20T10:42:59.372490+02:00] security.DEBUG: Authenticator does not support the request. {"firewall_name":"main","authenticator":"App\\Security\\Authenticator"} []
[2024-09-20T10:42:59.372494+02:00] security.DEBUG: Checking support on authenticator. {"firewall_name":"main","authenticator":"Symfony\\Component\\Security\\Http\\Authenticator\\RememberMeAuthenticator"} []
[2024-09-20T10:42:59.372512+02:00] security.DEBUG: Authenticator does not support the request. {"firewall_name":"main","authenticator":"Symfony\\Component\\Security\\Http\\Authenticator\\RememberMeAuthenticator"} []
[2024-09-20T10:42:59.378332+02:00] request.CRITICAL: Uncaught PHP Exception Doctrine\Persistence\Mapping\MappingException: "Class 'App\Entity\Produit' does not exist" at MappingException.php line 80 {"exception":"[object] (Doctrine\\Persistence\\Mapping\\MappingException(code: 0): Class 'App\\Entity\\Produit' does not exist at /home/yuja2878/dimitri-restaurant.simploncertif.fr/vendor/doctrine/persistence/src/Persistence/Mapping/MappingException.php:80)"} []
[2024-09-20T11:17:17.197717+02:00] request.INFO: Matched route "app_font_menu". {"route":"app_font_menu","route_parameters":{"_route":"app_font_menu","_controller":"App\\Controller\\FontMenuController::index"},"request_uri":"https://dimitri-restaurant.simploncertif.fr/menu","method":"GET"} []
[2024-09-20T11:17:17.199299+02:00] security.DEBUG: Checking for authenticator support. {"firewall_name":"main","authenticators":2} []
[2024-09-20T11:17:17.199317+02:00] security.DEBUG: Checking support on authenticator. {"firewall_name":"main","authenticator":"App\\Security\\Authenticator"} []
[2024-09-20T11:17:17.199323+02:00] security.DEBUG: Authenticator does not support the request. {"firewall_name":"main","authenticator":"App\\Security\\Authenticator"} []
[2024-09-20T11:17:17.199325+02:00] security.DEBUG: Checking support on authenticator. {"firewall_name":"main","authenticator":"Symfony\\Component\\Security\\Http\\Authenticator\\RememberMeAuthenticator"} []
[2024-09-20T11:17:17.199345+02:00] security.DEBUG: Authenticator does not support the request. {"firewall_name":"main","authenticator":"Symfony\\Component\\Security\\Http\\Authenticator\\RememberMeAuthenticator"} []
[2024-09-20T11:17:17.205644+02:00] request.CRITICAL: Uncaught PHP Exception Doctrine\Persistence\Mapping\MappingException: "Class 'App\Entity\Produit' does not exist" at MappingException.php line 80 {"exception":"[object] (Doctrine\\Persistence\\Mapping\\MappingException(code: 0): Class 'App\\Entity\\Produit' does not exist at /home/yuja2878/dimitri-restaurant.simploncertif.fr/vendor/doctrine/persistence/src/Persistence/Mapping/MappingException.php:80)"} []
[2024-09-20T11:19:02.902924+02:00] request.INFO: Matched route "app_Produit_index". {"route":"app_Produit_index","route_parameters":{"_route":"app_Produit_index","_controller":"App\\Controller\\ProduitController::index"},"request_uri":"https://dimitri-restaurant.simploncertif.fr/admin/Produit","method":"GET"} []
[2024-09-20T11:19:02.904315+02:00] security.DEBUG: Checking for authenticator support. {"firewall_name":"main","authenticators":2} []
[2024-09-20T11:19:02.904322+02:00] security.DEBUG: Checking support on authenticator. {"firewall_name":"main","authenticator":"App\\Security\\Authenticator"} []
[2024-09-20T11:19:02.904326+02:00] security.DEBUG: Authenticator does not support the request. {"firewall_name":"main","authenticator":"App\\Security\\Authenticator"} []
[2024-09-20T11:19:02.904331+02:00] security.DEBUG: Checking support on authenticator. {"firewall_name":"main","authenticator":"Symfony\\Component\\Security\\Http\\Authenticator\\RememberMeAuthenticator"} []
[2024-09-20T11:19:02.904348+02:00] security.DEBUG: Authenticator does not support the request. {"firewall_name":"main","authenticator":"Symfony\\Component\\Security\\Http\\Authenticator\\RememberMeAuthenticator"} []
[2024-09-20T11:19:02.908537+02:00] security.DEBUG: Read existing security token from the session. {"key":"_security_main","token_class":"Symfony\\Component\\Security\\Http\\Authenticator\\Token\\PostAuthenticationToken"} []
[2024-09-20T11:19:02.911037+02:00] security.DEBUG: User was reloaded from a user provider. {"provider":"Symfony\\Bridge\\Doctrine\\Security\\User\\EntityUserProvider","username":"dimitri.maurand.simplon@gmail.com"} []
[2024-09-20T11:19:02.919634+02:00] request.CRITICAL: Uncaught PHP Exception Twig\Error\SyntaxError: "Did you forget to run "composer require symfony/debug-bundle"? Unknown function "dump" in "Produit/index.html.twig"." at UndefinedCallableHandler.php line 112 {"exception":"[object] (Twig\\Error\\SyntaxError(code: 0): Did you forget to run \"composer require symfony/debug-bundle\"? Unknown function \"dump\" in \"Produit/index.html.twig\". at /home/yuja2878/dimitri-restaurant.simploncertif.fr/vendor/symfony/twig-bridge/UndefinedCallableHandler.php:112)"} []
[2024-09-20T11:19:02.920959+02:00] security.DEBUG: Stored the security token in the session. {"key":"_security_main"} []
[2024-09-20T11:19:11.595017+02:00] request.INFO: Matched route "app_reservation_index". {"route":"app_reservation_index","route_parameters":{"_route":"app_reservation_index","_controller":"App\\Controller\\ReservationController::index"},"request_uri":"https://dimitri-restaurant.simploncertif.fr/admin/reservation","method":"GET"} []
[2024-09-20T11:19:11.596602+02:00] security.DEBUG: Checking for authenticator support. {"firewall_name":"main","authenticators":2} []
[2024-09-20T11:19:11.596609+02:00] security.DEBUG: Checking support on authenticator. {"firewall_name":"main","authenticator":"App\\Security\\Authenticator"} []
[2024-09-20T11:19:11.596616+02:00] security.DEBUG: Authenticator does not support the request. {"firewall_name":"main","authenticator":"App\\Security\\Authenticator"} []
[2024-09-20T11:19:11.596621+02:00] security.DEBUG: Checking support on authenticator. {"firewall_name":"main","authenticator":"Symfony\\Component\\Security\\Http\\Authenticator\\RememberMeAuthenticator"} []
[2024-09-20T11:19:11.596639+02:00] security.DEBUG: Authenticator does not support the request. {"firewall_name":"main","authenticator":"Symfony\\Component\\Security\\Http\\Authenticator\\RememberMeAuthenticator"} []
[2024-09-20T11:19:11.600574+02:00] security.DEBUG: Read existing security token from the session. {"key":"_security_main","token_class":"Symfony\\Component\\Security\\Http\\Authenticator\\Token\\PostAuthenticationToken"} []
[2024-09-20T11:19:11.603159+02:00] security.DEBUG: User was reloaded from a user provider. {"provider":"Symfony\\Bridge\\Doctrine\\Security\\User\\EntityUserProvider","username":"dimitri.maurand.simplon@gmail.com"} []
[2024-09-20T11:19:11.607457+02:00] request.CRITICAL: Uncaught PHP Exception Twig\Error\SyntaxError: "Did you forget to run "composer require symfony/debug-bundle"? Unknown function "dump" in "reservation/index.html.twig"." at UndefinedCallableHandler.php line 112 {"exception":"[object] (Twig\\Error\\SyntaxError(code: 0): Did you forget to run \"composer require symfony/debug-bundle\"? Unknown function \"dump\" in \"reservation/index.html.twig\". at /home/yuja2878/dimitri-restaurant.simploncertif.fr/vendor/symfony/twig-bridge/UndefinedCallableHandler.php:112)"} []
[2024-09-20T11:19:11.609588+02:00] security.DEBUG: Stored the security token in the session. {"key":"_security_main"} []
[2024-09-20T11:19:14.834296+02:00] request.INFO: Matched route "app_menu_index". {"route":"app_menu_index","route_parameters":{"_route":"app_menu_index","_controller":"App\\Controller\\MenuController::index"},"request_uri":"https://dimitri-restaurant.simploncertif.fr/admin/menu","method":"GET"} []
[2024-09-20T11:19:14.835711+02:00] security.DEBUG: Checking for authenticator support. {"firewall_name":"main","authenticators":2} []
[2024-09-20T11:19:14.835718+02:00] security.DEBUG: Checking support on authenticator. {"firewall_name":"main","authenticator":"App\\Security\\Authenticator"} []
[2024-09-20T11:19:14.835723+02:00] security.DEBUG: Authenticator does not support the request. {"firewall_name":"main","authenticator":"App\\Security\\Authenticator"} []
[2024-09-20T11:19:14.835728+02:00] security.DEBUG: Checking support on authenticator. {"firewall_name":"main","authenticator":"Symfony\\Component\\Security\\Http\\Authenticator\\RememberMeAuthenticator"} []
[2024-09-20T11:19:14.835744+02:00] security.DEBUG: Authenticator does not support the request. {"firewall_name":"main","authenticator":"Symfony\\Component\\Security\\Http\\Authenticator\\RememberMeAuthenticator"} []
[2024-09-20T11:19:14.839988+02:00] security.DEBUG: Read existing security token from the session. {"key":"_security_main","token_class":"Symfony\\Component\\Security\\Http\\Authenticator\\Token\\PostAuthenticationToken"} []
[2024-09-20T11:19:14.842838+02:00] security.DEBUG: User was reloaded from a user provider. {"provider":"Symfony\\Bridge\\Doctrine\\Security\\User\\EntityUserProvider","username":"dimitri.maurand.simplon@gmail.com"} []
[2024-09-20T11:19:14.843891+02:00] request.CRITICAL: Uncaught PHP Exception Doctrine\Persistence\Mapping\MappingException: "Class 'App\Entity\Produit' does not exist" at MappingException.php line 80 {"exception":"[object] (Doctrine\\Persistence\\Mapping\\MappingException(code: 0): Class 'App\\Entity\\Produit' does not exist at /home/yuja2878/dimitri-restaurant.simploncertif.fr/vendor/doctrine/persistence/src/Persistence/Mapping/MappingException.php:80)"} []
[2024-09-20T11:19:14.846739+02:00] security.DEBUG: Stored the security token in the session. {"key":"_security_main"} []
[2024-09-20T11:19:35.555678+02:00] request.INFO: Matched route "app_categorie_boisson_index". {"route":"app_categorie_boisson_index","route_parameters":{"_route":"app_categorie_boisson_index","_controller":"App\\Controller\\CategorieBoissonController::index"},"request_uri":"https://dimitri-restaurant.simploncertif.fr/admin/categorie/boisson","method":"GET"} []
[2024-09-20T11:19:35.557098+02:00] security.DEBUG: Checking for authenticator support. {"firewall_name":"main","authenticators":2} []
[2024-09-20T11:19:35.557105+02:00] security.DEBUG: Checking support on authenticator. {"firewall_name":"main","authenticator":"App\\Security\\Authenticator"} []
[2024-09-20T11:19:35.557111+02:00] security.DEBUG: Authenticator does not support the request. {"firewall_name":"main","authenticator":"App\\Security\\Authenticator"} []
[2024-09-20T11:19:35.557113+02:00] security.DEBUG: Checking support on authenticator. {"firewall_name":"main","authenticator":"Symfony\\Component\\Security\\Http\\Authenticator\\RememberMeAuthenticator"} []
[2024-09-20T11:19:35.557130+02:00] security.DEBUG: Authenticator does not support the request. {"firewall_name":"main","authenticator":"Symfony\\Component\\Security\\Http\\Authenticator\\RememberMeAuthenticator"} []
[2024-09-20T11:19:35.560688+02:00] security.DEBUG: Read existing security token from the session. {"key":"_security_main","token_class":"Symfony\\Component\\Security\\Http\\Authenticator\\Token\\PostAuthenticationToken"} []
[2024-09-20T11:19:35.563241+02:00] security.DEBUG: User was reloaded from a user provider. {"provider":"Symfony\\Bridge\\Doctrine\\Security\\User\\EntityUserProvider","username":"dimitri.maurand.simplon@gmail.com"} []
[2024-09-20T11:19:35.564208+02:00] request.CRITICAL: Uncaught PHP Exception Doctrine\Persistence\Mapping\MappingException: "Class 'App\Entity\boisson' does not exist" at MappingException.php line 80 {"exception":"[object] (Doctrine\\Persistence\\Mapping\\MappingException(code: 0): Class 'App\\Entity\\boisson' does not exist at /home/yuja2878/dimitri-restaurant.simploncertif.fr/vendor/doctrine/persistence/src/Persistence/Mapping/MappingException.php:80)"} []
[2024-09-20T11:19:35.567489+02:00] security.DEBUG: Stored the security token in the session. {"key":"_security_main"} []
[2024-09-20T11:21:37.755890+02:00] request.INFO: Matched route "app_reservation_index". {"route":"app_reservation_index","route_parameters":{"_route":"app_reservation_index","_controller":"App\\Controller\\ReservationController::index"},"request_uri":"https://dimitri-restaurant.simploncertif.fr/admin/reservation","method":"GET"} []
[2024-09-20T11:21:37.756550+02:00] security.DEBUG: Checking for authenticator support. {"firewall_name":"main","authenticators":2} []
[2024-09-20T11:21:37.756556+02:00] security.DEBUG: Checking support on authenticator. {"firewall_name":"main","authenticator":"App\\Security\\Authenticator"} []
[2024-09-20T11:21:37.756562+02:00] security.DEBUG: Authenticator does not support the request. {"firewall_name":"main","authenticator":"App\\Security\\Authenticator"} []
[2024-09-20T11:21:37.756566+02:00] security.DEBUG: Checking support on authenticator. {"firewall_name":"main","authenticator":"Symfony\\Component\\Security\\Http\\Authenticator\\RememberMeAuthenticator"} []
[2024-09-20T11:21:37.756577+02:00] security.DEBUG: Authenticator does not support the request. {"firewall_name":"main","authenticator":"Symfony\\Component\\Security\\Http\\Authenticator\\RememberMeAuthenticator"} []
[2024-09-20T11:21:37.758432+02:00] security.DEBUG: Read existing security token from the session. {"key":"_security_main","token_class":"Symfony\\Component\\Security\\Http\\Authenticator\\Token\\PostAuthenticationToken"} []
[2024-09-20T11:21:37.760387+02:00] security.DEBUG: User was reloaded from a user provider. {"provider":"Symfony\\Bridge\\Doctrine\\Security\\User\\EntityUserProvider","username":"dimitri.maurand.simplon@gmail.com"} []
[2024-09-20T11:21:37.764203+02:00] request.CRITICAL: Uncaught PHP Exception Twig\Error\SyntaxError: "Did you forget to run "composer require symfony/debug-bundle"? Unknown function "dump" in "reservation/index.html.twig"." at UndefinedCallableHandler.php line 112 {"exception":"[object] (Twig\\Error\\SyntaxError(code: 0): Did you forget to run \"composer require symfony/debug-bundle\"? Unknown function \"dump\" in \"reservation/index.html.twig\". at /home/yuja2878/dimitri-restaurant.simploncertif.fr/vendor/symfony/twig-bridge/UndefinedCallableHandler.php:112)"} []
[2024-09-20T11:21:37.766415+02:00] security.DEBUG: Stored the security token in the session. {"key":"_security_main"} []
[2024-09-20T11:33:03.753184+02:00] request.INFO: Matched route "app_font_menu". {"route":"app_font_menu","route_parameters":{"_route":"app_font_menu","_controller":"App\\Controller\\FontMenuController::index"},"request_uri":"https://dimitri-restaurant.simploncertif.fr/menu","method":"GET"} []
[2024-09-20T11:33:03.754594+02:00] security.DEBUG: Checking for authenticator support. {"firewall_name":"main","authenticators":2} []
[2024-09-20T11:33:03.754601+02:00] security.DEBUG: Checking support on authenticator. {"firewall_name":"main","authenticator":"App\\Security\\Authenticator"} []
[2024-09-20T11:33:03.754606+02:00] security.DEBUG: Authenticator does not support the request. {"firewall_name":"main","authenticator":"App\\Security\\Authenticator"} []
[2024-09-20T11:33:03.754608+02:00] security.DEBUG: Checking support on authenticator. {"firewall_name":"main","authenticator":"Symfony\\Component\\Security\\Http\\Authenticator\\RememberMeAuthenticator"} []
[2024-09-20T11:33:03.754624+02:00] security.DEBUG: Authenticator does not support the request. {"firewall_name":"main","authenticator":"Symfony\\Component\\Security\\Http\\Authenticator\\RememberMeAuthenticator"} []
[2024-09-20T11:33:03.760825+02:00] request.CRITICAL: Uncaught PHP Exception Doctrine\Persistence\Mapping\MappingException: "Class 'App\Entity\Produit' does not exist" at MappingException.php line 80 {"exception":"[object] (Doctrine\\Persistence\\Mapping\\MappingException(code: 0): Class 'App\\Entity\\Produit' does not exist at /home/yuja2878/dimitri-restaurant.simploncertif.fr/vendor/doctrine/persistence/src/Persistence/Mapping/MappingException.php:80)"} []
[2024-09-20T11:42:52.189108+02:00] request.INFO: Matched route "app_font_menu". {"route":"app_font_menu","route_parameters":{"_route":"app_font_menu","_controller":"App\\Controller\\FontMenuController::index"},"request_uri":"https://dimitri-restaurant.simploncertif.fr/menu","method":"GET"} []
[2024-09-20T11:42:52.190511+02:00] security.DEBUG: Checking for authenticator support. {"firewall_name":"main","authenticators":2} []
[2024-09-20T11:42:52.190519+02:00] security.DEBUG: Checking support on authenticator. {"firewall_name":"main","authenticator":"App\\Security\\Authenticator"} []
[2024-09-20T11:42:52.190523+02:00] security.DEBUG: Authenticator does not support the request. {"firewall_name":"main","authenticator":"App\\Security\\Authenticator"} []
[2024-09-20T11:42:52.190528+02:00] security.DEBUG: Checking support on authenticator. {"firewall_name":"main","authenticator":"Symfony\\Component\\Security\\Http\\Authenticator\\RememberMeAuthenticator"} []
[2024-09-20T11:42:52.190545+02:00] security.DEBUG: Authenticator does not support the request. {"firewall_name":"main","authenticator":"Symfony\\Component\\Security\\Http\\Authenticator\\RememberMeAuthenticator"} []
[2024-09-20T11:42:52.196926+02:00] request.CRITICAL: Uncaught PHP Exception Doctrine\Persistence\Mapping\MappingException: "Class 'App\Entity\Produit' does not exist" at MappingException.php line 80 {"exception":"[object] (Doctrine\\Persistence\\Mapping\\MappingException(code: 0): Class 'App\\Entity\\Produit' does not exist at /home/yuja2878/dimitri-restaurant.simploncertif.fr/vendor/doctrine/persistence/src/Persistence/Mapping/MappingException.php:80)"} []
[2024-09-20T11:43:03.419111+02:00] request.INFO: Matched route "app_font_menu". {"route":"app_font_menu","route_parameters":{"_route":"app_font_menu","_controller":"App\\Controller\\FontMenuController::index"},"request_uri":"https://dimitri-restaurant.simploncertif.fr/menu","method":"GET"} []
[2024-09-20T11:43:03.419825+02:00] security.DEBUG: Checking for authenticator support. {"firewall_name":"main","authenticators":2} []
[2024-09-20T11:43:03.419833+02:00] security.DEBUG: Checking support on authenticator. {"firewall_name":"main","authenticator":"App\\Security\\Authenticator"} []
[2024-09-20T11:43:03.419838+02:00] security.DEBUG: Authenticator does not support the request. {"firewall_name":"main","authenticator":"App\\Security\\Authenticator"} []
[2024-09-20T11:43:03.419844+02:00] security.DEBUG: Checking support on authenticator. {"firewall_name":"main","authenticator":"Symfony\\Component\\Security\\Http\\Authenticator\\RememberMeAuthenticator"} []
[2024-09-20T11:43:03.419856+02:00] security.DEBUG: Authenticator does not support the request. {"firewall_name":"main","authenticator":"Symfony\\Component\\Security\\Http\\Authenticator\\RememberMeAuthenticator"} []
[2024-09-20T11:43:03.423760+02:00] request.CRITICAL: Uncaught PHP Exception Doctrine\Persistence\Mapping\MappingException: "Class 'App\Entity\Produit' does not exist" at MappingException.php line 80 {"exception":"[object] (Doctrine\\Persistence\\Mapping\\MappingException(code: 0): Class 'App\\Entity\\Produit' does not exist at /home/yuja2878/dimitri-restaurant.simploncertif.fr/vendor/doctrine/persistence/src/Persistence/Mapping/MappingException.php:80)"} []
